# JRE version: OpenJDK Runtime Environment GraalVM CE 22.3.0 (17.0.5+8) (build 17.0.5+8-jvmci-22.3-b08)
# Java VM: OpenJDK 64-Bit Server VM GraalVM CE 22.3.0 (17.0.5+8-jvmci-22.3-b08, mixed mode, sharing, tiered, jvmci, jvmci compiler, compressed oops, compressed class ptrs, parallel gc, linux-amd64)
GC Precious Log:
 CPUs: 8 total, 1 available
 Memory: 1024M
 Large Page Support: Disabled
 NUMA Support: Disabled
 Compressed Oops: Enabled (32-bit)
 Alignments: Space 512K, Generation 512K, Heap 2M
 Heap Min Capacity: 100M
 Heap Initial Capacity: 100M
 Heap Max Capacity: 512M
 Pre-touch: Disabled
 Parallel Workers: 1
Heap:
 PSYoungGen      total 38400K, used 24576K [0x00000000f5580000, 0x00000000f8980000, 0x0000000100000000)
  eden space 24576K, 100% used [0x00000000f5580000,0x00000000f6d80000,0x00000000f6d80000)
  from space 13824K, 0% used [0x00000000f6d80000,0x00000000f6d80000,0x00000000f7b00000)
  to   space 12800K, 0% used [0x00000000f7d00000,0x00000000f7d00000,0x00000000f8980000)
 ParOldGen       total 349696K, used 349695K [0x00000000e0000000, 0x00000000f5580000, 0x00000000f5580000)
  object space 349696K, 99% used [0x00000000e0000000,0x00000000f557fff8,0x00000000f5580000)
 Metaspace       used 61674K, committed 62784K, reserved 1105920K
  class space    used 6079K, committed 6528K, reserved 1048576K
GC Heap History (20 events):
Event: 804.313 GC heap before
{Heap before GC invocations=831 (full 713):
 PSYoungGen      total 38400K, used 24576K [0x00000000f5580000, 0x00000000f8980000, 0x0000000100000000)
  eden space 24576K, 100% used [0x00000000f5580000,0x00000000f6d80000,0x00000000f6d80000)
  from space 13824K, 0% used [0x00000000f6d80000,0x00000000f6d80000,0x00000000f7b00000)
  to   space 12800K, 0% used [0x00000000f7d00000,0x00000000f7d00000,0x00000000f8980000)
 ParOldGen       total 349696K, used 349695K [0x00000000e0000000, 0x00000000f5580000, 0x00000000f5580000)
  object space 349696K, 99% used [0x00000000e0000000,0x00000000f557fff8,0x00000000f5580000)
 Metaspace       used 61674K, committed 62784K, reserved 1105920K
  class space    used 6079K, committed 6528K, reserved 1048576K
}
Event: 805.334 GC heap after
{Heap after GC invocations=831 (full 713):
 PSYoungGen      total 37376K, used 24575K [0x00000000f5580000, 0x00000000f8980000, 0x0000000100000000)
  eden space 24576K, 99% used [0x00000000f5580000,0x00000000f6d7fe00,0x00000000f6d80000)
  from space 12800K, 0% used [0x00000000f7d00000,0x00000000f7d00000,0x00000000f8980000)
  to   space 13824K, 0% used [0x00000000f6d80000,0x00000000f6d80000,0x00000000f7b00000)
 ParOldGen       total 349696K, used 349694K [0x00000000e0000000, 0x00000000f5580000, 0x00000000f5580000)
  object space 349696K, 99% used [0x00000000e0000000,0x00000000f557f808,0x00000000f5580000)
 Metaspace       used 61674K, committed 62784K, reserved 1105920K
  class space    used 6079K, committed 6528K, reserved 1048576K
}
Event: 805.334 GC heap before
{Heap before GC invocations=832 (full 714):
 PSYoungGen      total 37376K, used 24575K [0x00000000f5580000, 0x00000000f8980000, 0x0000000100000000)
  eden space 24576K, 99% used [0x00000000f5580000,0x00000000f6d7ffe0,0x00000000f6d80000)
  from space 12800K, 0% used [0x00000000f7d00000,0x00000000f7d00000,0x00000000f8980000)
  to   space 13824K, 0% used [0x00000000f6d80000,0x00000000f6d80000,0x00000000f7b00000)
 ParOldGen       total 349696K, used 349694K [0x00000000e0000000, 0x00000000f5580000, 0x00000000f5580000)
  object space 349696K, 99% used [0x00000000e0000000,0x00000000f557f808,0x00000000f5580000)
 Metaspace       used 61674K, committed 62784K, reserved 1105920K
  class space    used 6079K, committed 6528K, reserved 1048576K
}
Event: 806.440 GC heap after
{Heap after GC invocations=832 (full 714):
 PSYoungGen      total 38400K, used 24575K [0x00000000f5580000, 0x00000000f8980000, 0x0000000100000000)
  eden space 24576K, 99% used [0x00000000f5580000,0x00000000f6d7ff38,0x00000000f6d80000)
  from space 13824K, 0% used [0x00000000f6d80000,0x00000000f6d80000,0x00000000f7b00000)
  to   space 12800K, 0% used [0x00000000f7d00000,0x00000000f7d00000,0x00000000f8980000)
 ParOldGen       total 349696K, used 349692K [0x00000000e0000000, 0x00000000f5580000, 0x00000000f5580000)
  object space 349696K, 99% used [0x00000000e0000000,0x00000000f557f0a0,0x00000000f5580000)
 Metaspace       used 61674K, committed 62784K, reserved 1105920K
  class space    used 6079K, committed 6528K, reserved 1048576K
}
Event: 806.440 GC heap before
{Heap before GC invocations=833 (full 715):
 PSYoungGen      total 38400K, used 24575K [0x00000000f5580000, 0x00000000f8980000, 0x0000000100000000)
  eden space 24576K, 99% used [0x00000000f5580000,0x00000000f6d7ffc8,0x00000000f6d80000)
  from space 13824K, 0% used [0x00000000f6d80000,0x00000000f6d80000,0x00000000f7b00000)
  to   space 12800K, 0% used [0x00000000f7d00000,0x00000000f7d00000,0x00000000f8980000)
 ParOldGen       total 349696K, used 349692K [0x00000000e0000000, 0x00000000f5580000, 0x00000000f5580000)
  object space 349696K, 99% used [0x00000000e0000000,0x00000000f557f0a0,0x00000000f5580000)
 Metaspace       used 61674K, committed 62784K, reserved 1105920K
  class space    used 6079K, committed 6528K, reserved 1048576K
}
Event: 807.443 GC heap after
{Heap after GC invocations=833 (full 715):
 PSYoungGen      total 37376K, used 24575K [0x00000000f5580000, 0x00000000f8980000, 0x0000000100000000)
  eden space 24576K, 99% used [0x00000000f5580000,0x00000000f6d7ffc8,0x00000000f6d80000)
  from space 12800K, 0% used [0x00000000f7d00000,0x00000000f7d00000,0x00000000f8980000)
  to   space 13824K, 0% used [0x00000000f6d80000,0x00000000f6d80000,0x00000000f7b00000)
 ParOldGen       total 349696K, used 349692K [0x00000000e0000000, 0x00000000f5580000, 0x00000000f5580000)
  object space 349696K, 99% used [0x00000000e0000000,0x00000000f557f0a0,0x00000000f5580000)
 Metaspace       used 61674K, committed 62784K, reserved 1105920K
  class space    used 6079K, committed 6528K, reserved 1048576K
}
Event: 807.446 GC heap before
{Heap before GC invocations=834 (full 716):
 PSYoungGen      total 37376K, used 24576K [0x00000000f5580000, 0x00000000f8980000, 0x0000000100000000)
  eden space 24576K, 100% used [0x00000000f5580000,0x00000000f6d80000,0x00000000f6d80000)
  from space 12800K, 0% used [0x00000000f7d00000,0x00000000f7d00000,0x00000000f8980000)
  to   space 13824K, 0% used [0x00000000f6d80000,0x00000000f6d80000,0x00000000f7b00000)
 ParOldGen       total 349696K, used 349695K [0x00000000e0000000, 0x00000000f5580000, 0x00000000f5580000)
  object space 349696K, 99% used [0x00000000e0000000,0x00000000f557fe38,0x00000000f5580000)
 Metaspace       used 61674K, committed 62784K, reserved 1105920K
  class space    used 6079K, committed 6528K, reserved 1048576K
}
Event: 808.535 GC heap after
{Heap after GC invocations=834 (full 716):
 PSYoungGen      total 38400K, used 24573K [0x00000000f5580000, 0x00000000f8980000, 0x0000000100000000)
  eden space 24576K, 99% used [0x00000000f5580000,0x00000000f6d7f6a8,0x00000000f6d80000)
  from space 13824K, 0% used [0x00000000f6d80000,0x00000000f6d80000,0x00000000f7b00000)
  to   space 12800K, 0% used [0x00000000f7d00000,0x00000000f7d00000,0x00000000f8980000)
 ParOldGen       total 349696K, used 349692K [0x00000000e0000000, 0x00000000f5580000, 0x00000000f5580000)
  object space 349696K, 99% used [0x00000000e0000000,0x00000000f557f028,0x00000000f5580000)
 Metaspace       used 61674K, committed 62784K, reserved 1105920K
  class space    used 6079K, committed 6528K, reserved 1048576K
}
Event: 808.535 GC heap before
{Heap before GC invocations=835 (full 717):
 PSYoungGen      total 38400K, used 24576K [0x00000000f5580000, 0x00000000f8980000, 0x0000000100000000)
  eden space 24576K, 100% used [0x00000000f5580000,0x00000000f6d80000,0x00000000f6d80000)
  from space 13824K, 0% used [0x00000000f6d80000,0x00000000f6d80000,0x00000000f7b00000)
  to   space 12800K, 0% used [0x00000000f7d00000,0x00000000f7d00000,0x00000000f8980000)
 ParOldGen       total 349696K, used 349692K [0x00000000e0000000, 0x00000000f5580000, 0x00000000f5580000)
  object space 349696K, 99% used [0x00000000e0000000,0x00000000f557f028,0x00000000f5580000)
 Metaspace       used 61674K, committed 62784K, reserved 1105920K
  class space    used 6079K, committed 6528K, reserved 1048576K
}
Event: 809.617 GC heap after
{Heap after GC invocations=835 (full 717):
 PSYoungGen      total 37376K, used 24573K [0x00000000f5580000, 0x00000000f8980000, 0x0000000100000000)
  eden space 24576K, 99% used [0x00000000f5580000,0x00000000f6d7f700,0x00000000f6d80000)
  from space 12800K, 0% used [0x00000000f7d00000,0x00000000f7d00000,0x00000000f8980000)
  to   space 13824K, 0% used [0x00000000f6d80000,0x00000000f6d80000,0x00000000f7b00000)
 ParOldGen       total 349696K, used 349691K [0x00000000e0000000, 0x00000000f5580000, 0x00000000f5580000)
  object space 349696K, 99% used [0x00000000e0000000,0x00000000f557ee58,0x00000000f5580000)
 Metaspace       used 61674K, committed 62784K, reserved 1105920K
  class space    used 6079K, committed 6528K, reserved 1048576K
}
Event: 809.617 GC heap before
{Heap before GC invocations=836 (full 718):
 PSYoungGen      total 37376K, used 24576K [0x00000000f5580000, 0x00000000f8980000, 0x0000000100000000)
  eden space 24576K, 100% used [0x00000000f5580000,0x00000000f6d80000,0x00000000f6d80000)
  from space 12800K, 0% used [0x00000000f7d00000,0x00000000f7d00000,0x00000000f8980000)
  to   space 13824K, 0% used [0x00000000f6d80000,0x00000000f6d80000,0x00000000f7b00000)
 ParOldGen       total 349696K, used 349691K [0x00000000e0000000, 0x00000000f5580000, 0x00000000f5580000)
  object space 349696K, 99% used [0x00000000e0000000,0x00000000f557ee58,0x00000000f5580000)
 Metaspace       used 61674K, committed 62784K, reserved 1105920K
  class space    used 6079K, committed 6528K, reserved 1048576K
}
Event: 810.531 GC heap after
{Heap after GC invocations=836 (full 718):
 PSYoungGen      total 38400K, used 24573K [0x00000000f5580000, 0x00000000f8980000, 0x0000000100000000)
  eden space 24576K, 99% used [0x00000000f5580000,0x00000000f6d7f7a0,0x00000000f6d80000)
  from space 13824K, 0% used [0x00000000f6d80000,0x00000000f6d80000,0x00000000f7b00000)
  to   space 12800K, 0% used [0x00000000f7d00000,0x00000000f7d00000,0x00000000f8980000)
 ParOldGen       total 349696K, used 349691K [0x00000000e0000000, 0x00000000f5580000, 0x00000000f5580000)
  object space 349696K, 99% used [0x00000000e0000000,0x00000000f557ee58,0x00000000f5580000)
 Metaspace       used 61674K, committed 62784K, reserved 1105920K
  class space    used 6079K, committed 6528K, reserved 1048576K
}
Event: 810.531 GC heap before
{Heap before GC invocations=837 (full 719):
 PSYoungGen      total 38400K, used 24576K [0x00000000f5580000, 0x00000000f8980000, 0x0000000100000000)
  eden space 24576K, 100% used [0x00000000f5580000,0x00000000f6d80000,0x00000000f6d80000)
  from space 13824K, 0% used [0x00000000f6d80000,0x00000000f6d80000,0x00000000f7b00000)
  to   space 12800K, 0% used [0x00000000f7d00000,0x00000000f7d00000,0x00000000f8980000)
 ParOldGen       total 349696K, used 349691K [0x00000000e0000000, 0x00000000f5580000, 0x00000000f5580000)
  object space 349696K, 99% used [0x00000000e0000000,0x00000000f557ee58,0x00000000f5580000)
 Metaspace       used 61674K, committed 62784K, reserved 1105920K
  class space    used 6079K, committed 6528K, reserved 1048576K
}
Event: 811.604 GC heap after
{Heap after GC invocations=837 (full 719):
 PSYoungGen      total 37376K, used 24573K [0x00000000f5580000, 0x00000000f8980000, 0x0000000100000000)
  eden space 24576K, 99% used [0x00000000f5580000,0x00000000f6d7f740,0x00000000f6d80000)
  from space 12800K, 0% used [0x00000000f7d00000,0x00000000f7d00000,0x00000000f8980000)
  to   space 13824K, 0% used [0x00000000f6d80000,0x00000000f6d80000,0x00000000f7b00000)
 ParOldGen       total 349696K, used 349690K [0x00000000e0000000, 0x00000000f5580000, 0x00000000f5580000)
  object space 349696K, 99% used [0x00000000e0000000,0x00000000f557ebd0,0x00000000f5580000)
 Metaspace       used 61674K, committed 62784K, reserved 1105920K
  class space    used 6079K, committed 6528K, reserved 1048576K
}
Event: 811.604 GC heap before
{Heap before GC invocations=838 (full 720):
 PSYoungGen      total 37376K, used 24576K [0x00000000f5580000, 0x00000000f8980000, 0x0000000100000000)
  eden space 24576K, 100% used [0x00000000f5580000,0x00000000f6d80000,0x00000000f6d80000)
  from space 12800K, 0% used [0x00000000f7d00000,0x00000000f7d00000,0x00000000f8980000)
  to   space 13824K, 0% used [0x00000000f6d80000,0x00000000f6d80000,0x00000000f7b00000)
 ParOldGen       total 349696K, used 349690K [0x00000000e0000000, 0x00000000f5580000, 0x00000000f5580000)
  object space 349696K, 99% used [0x00000000e0000000,0x00000000f557ebd0,0x00000000f5580000)
 Metaspace       used 61674K, committed 62784K, reserved 1105920K
  class space    used 6079K, committed 6528K, reserved 1048576K
}
Event: 812.592 GC heap after
{Heap after GC invocations=838 (full 720):
 PSYoungGen      total 38400K, used 24573K [0x00000000f5580000, 0x00000000f8980000, 0x0000000100000000)
  eden space 24576K, 99% used [0x00000000f5580000,0x00000000f6d7f790,0x00000000f6d80000)
  from space 13824K, 0% used [0x00000000f6d80000,0x00000000f6d80000,0x00000000f7b00000)
  to   space 12800K, 0% used [0x00000000f7d00000,0x00000000f7d00000,0x00000000f8980000)
 ParOldGen       total 349696K, used 349690K [0x00000000e0000000, 0x00000000f5580000, 0x00000000f5580000)
  object space 349696K, 99% used [0x00000000e0000000,0x00000000f557ebd0,0x00000000f5580000)
 Metaspace       used 61674K, committed 62784K, reserved 1105920K
  class space    used 6079K, committed 6528K, reserved 1048576K
}
Event: 812.592 GC heap before
{Heap before GC invocations=839 (full 721):
 PSYoungGen      total 38400K, used 24576K [0x00000000f5580000, 0x00000000f8980000, 0x0000000100000000)
  eden space 24576K, 100% used [0x00000000f5580000,0x00000000f6d80000,0x00000000f6d80000)
  from space 13824K, 0% used [0x00000000f6d80000,0x00000000f6d80000,0x00000000f7b00000)
  to   space 12800K, 0% used [0x00000000f7d00000,0x00000000f7d00000,0x00000000f8980000)
 ParOldGen       total 349696K, used 349695K [0x00000000e0000000, 0x00000000f5580000, 0x00000000f5580000)
  object space 349696K, 99% used [0x00000000e0000000,0x00000000f557fc50,0x00000000f5580000)
 Metaspace       used 61674K, committed 62784K, reserved 1105920K
  class space    used 6079K, committed 6528K, reserved 1048576K
}
Event: 813.534 GC heap after
{Heap after GC invocations=839 (full 721):
 PSYoungGen      total 37376K, used 24574K [0x00000000f5580000, 0x00000000f8980000, 0x0000000100000000)
  eden space 24576K, 99% used [0x00000000f5580000,0x00000000f6d7f810,0x00000000f6d80000)
  from space 12800K, 0% used [0x00000000f7d00000,0x00000000f7d00000,0x00000000f8980000)
  to   space 13824K, 0% used [0x00000000f6d80000,0x00000000f6d80000,0x00000000f7b00000)
 ParOldGen       total 349696K, used 349694K [0x00000000e0000000, 0x00000000f5580000, 0x00000000f5580000)
  object space 349696K, 99% used [0x00000000e0000000,0x00000000f557fb50,0x00000000f5580000)
 Metaspace       used 61674K, committed 62784K, reserved 1105920K
  class space    used 6079K, committed 6528K, reserved 1048576K
}
Event: 813.534 GC heap before
{Heap before GC invocations=840 (full 722):
 PSYoungGen      total 37376K, used 24574K [0x00000000f5580000, 0x00000000f8980000, 0x0000000100000000)
  eden space 24576K, 99% used [0x00000000f5580000,0x00000000f6d7f810,0x00000000f6d80000)
  from space 12800K, 0% used [0x00000000f7d00000,0x00000000f7d00000,0x00000000f8980000)
  to   space 13824K, 0% used [0x00000000f6d80000,0x00000000f6d80000,0x00000000f7b00000)
 ParOldGen       total 349696K, used 349694K [0x00000000e0000000, 0x00000000f5580000, 0x00000000f5580000)
  object space 349696K, 99% used [0x00000000e0000000,0x00000000f557fb50,0x00000000f5580000)
 Metaspace       used 61674K, committed 62784K, reserved 1105920K
  class space    used 6079K, committed 6528K, reserved 1048576K
}
Event: 814.604 GC heap after
{Heap after GC invocations=840 (full 722):
 PSYoungGen      total 38400K, used 24574K [0x00000000f5580000, 0x00000000f8980000, 0x0000000100000000)
  eden space 24576K, 99% used [0x00000000f5580000,0x00000000f6d7f810,0x00000000f6d80000)
  from space 13824K, 0% used [0x00000000f6d80000,0x00000000f6d80000,0x00000000f7b00000)
  to   space 12800K, 0% used [0x00000000f7d00000,0x00000000f7d00000,0x00000000f8980000)
 ParOldGen       total 349696K, used 349694K [0x00000000e0000000, 0x00000000f5580000, 0x00000000f5580000)
  object space 349696K, 99% used [0x00000000e0000000,0x00000000f557fb50,0x00000000f5580000)
 Metaspace       used 61674K, committed 62784K, reserved 1105920K
  class space    used 6079K, committed 6528K, reserved 1048576K
}

