# JRE version: OpenJDK Runtime Environment GraalVM CE 22.3.0 (17.0.5+8) (build 17.0.5+8-jvmci-22.3-b08)
# Java VM: OpenJDK 64-Bit Server VM GraalVM CE 22.3.0 (17.0.5+8-jvmci-22.3-b08, mixed mode, sharing, tiered, jvmci, jvmci compiler, compressed oops, compressed class ptrs, parallel gc, linux-amd64)
GC Precious Log:
 CPUs: 8 total, 1 available
 Memory: 1024M
 Large Page Support: Disabled
 NUMA Support: Disabled
 Compressed Oops: Enabled (32-bit)
 Alignments: Space 512K, Generation 512K, Heap 2M
 Heap Min Capacity: 100M
 Heap Initial Capacity: 100M
 Heap Max Capacity: 512M
 Pre-touch: Disabled
 Parallel Workers: 1
Heap:
 PSYoungGen      total 41984K, used 31231K [0x00000000f5580000, 0x00000000f8e80000, 0x0000000100000000)
  eden space 31232K, 99% used [0x00000000f5580000,0x00000000f73ffff8,0x00000000f7400000)
  from space 10752K, 0% used [0x00000000f8400000,0x00000000f8400000,0x00000000f8e80000)
  to   space 12800K, 0% used [0x00000000f7400000,0x00000000f7400000,0x00000000f8080000)
 ParOldGen       total 349696K, used 349695K [0x00000000e0000000, 0x00000000f5580000, 0x00000000f5580000)
  object space 349696K, 99% used [0x00000000e0000000,0x00000000f557ffb0,0x00000000f5580000)
 Metaspace       used 62657K, committed 63808K, reserved 1114112K
  class space    used 6025K, committed 6464K, reserved 1048576K
GC Heap History (20 events):
Event: 1374.218 GC heap before
{Heap before GC invocations=1143 (full 1004):
 PSYoungGen      total 41984K, used 31231K [0x00000000f5580000, 0x00000000f8e80000, 0x0000000100000000)
  eden space 31232K, 99% used [0x00000000f5580000,0x00000000f73ffff0,0x00000000f7400000)
  from space 10752K, 0% used [0x00000000f8400000,0x00000000f8400000,0x00000000f8e80000)
  to   space 12800K, 0% used [0x00000000f7400000,0x00000000f7400000,0x00000000f8080000)
 ParOldGen       total 349696K, used 349695K [0x00000000e0000000, 0x00000000f5580000, 0x00000000f5580000)
  object space 349696K, 99% used [0x00000000e0000000,0x00000000f557fff0,0x00000000f5580000)
 Metaspace       used 62657K, committed 63808K, reserved 1114112K
  class space    used 6025K, committed 6464K, reserved 1048576K
}
Event: 1375.510 GC heap after
{Heap after GC invocations=1143 (full 1004):
 PSYoungGen      total 44032K, used 31231K [0x00000000f5580000, 0x00000000f8e80000, 0x0000000100000000)
  eden space 31232K, 99% used [0x00000000f5580000,0x00000000f73ffff0,0x00000000f7400000)
  from space 12800K, 0% used [0x00000000f7400000,0x00000000f7400000,0x00000000f8080000)
  to   space 10752K, 0% used [0x00000000f8400000,0x00000000f8400000,0x00000000f8e80000)
 ParOldGen       total 349696K, used 349694K [0x00000000e0000000, 0x00000000f5580000, 0x00000000f5580000)
  object space 349696K, 99% used [0x00000000e0000000,0x00000000f557fa50,0x00000000f5580000)
 Metaspace       used 62657K, committed 63808K, reserved 1114112K
  class space    used 6025K, committed 6464K, reserved 1048576K
}
Event: 1375.510 GC heap before
{Heap before GC invocations=1144 (full 1005):
 PSYoungGen      total 44032K, used 31232K [0x00000000f5580000, 0x00000000f8e80000, 0x0000000100000000)
  eden space 31232K, 100% used [0x00000000f5580000,0x00000000f7400000,0x00000000f7400000)
  from space 12800K, 0% used [0x00000000f7400000,0x00000000f7400000,0x00000000f8080000)
  to   space 10752K, 0% used [0x00000000f8400000,0x00000000f8400000,0x00000000f8e80000)
 ParOldGen       total 349696K, used 349696K [0x00000000e0000000, 0x00000000f5580000, 0x00000000f5580000)
  object space 349696K, 100% used [0x00000000e0000000,0x00000000f5580000,0x00000000f5580000)
 Metaspace       used 62657K, committed 63808K, reserved 1114112K
  class space    used 6025K, committed 6464K, reserved 1048576K
}
Event: 1376.648 GC heap after
{Heap after GC invocations=1144 (full 1005):
 PSYoungGen      total 41984K, used 31231K [0x00000000f5580000, 0x00000000f8e80000, 0x0000000100000000)
  eden space 31232K, 99% used [0x00000000f5580000,0x00000000f73ffdb0,0x00000000f7400000)
  from space 10752K, 0% used [0x00000000f8400000,0x00000000f8400000,0x00000000f8e80000)
  to   space 12800K, 0% used [0x00000000f7400000,0x00000000f7400000,0x00000000f8080000)
 ParOldGen       total 349696K, used 349694K [0x00000000e0000000, 0x00000000f5580000, 0x00000000f5580000)
  object space 349696K, 99% used [0x00000000e0000000,0x00000000f557fa90,0x00000000f5580000)
 Metaspace       used 62657K, committed 63808K, reserved 1114112K
  class space    used 6025K, committed 6464K, reserved 1048576K
}
Event: 1376.648 GC heap before
{Heap before GC invocations=1145 (full 1006):
 PSYoungGen      total 41984K, used 31232K [0x00000000f5580000, 0x00000000f8e80000, 0x0000000100000000)
  eden space 31232K, 100% used [0x00000000f5580000,0x00000000f7400000,0x00000000f7400000)
  from space 10752K, 0% used [0x00000000f8400000,0x00000000f8400000,0x00000000f8e80000)
  to   space 12800K, 0% used [0x00000000f7400000,0x00000000f7400000,0x00000000f8080000)
 ParOldGen       total 349696K, used 349694K [0x00000000e0000000, 0x00000000f5580000, 0x00000000f5580000)
  object space 349696K, 99% used [0x00000000e0000000,0x00000000f557fa90,0x00000000f5580000)
 Metaspace       used 62657K, committed 63808K, reserved 1114112K
  class space    used 6025K, committed 6464K, reserved 1048576K
}
Event: 1377.814 GC heap after
{Heap after GC invocations=1145 (full 1006):
 PSYoungGen      total 44032K, used 31231K [0x00000000f5580000, 0x00000000f8e80000, 0x0000000100000000)
  eden space 31232K, 99% used [0x00000000f5580000,0x00000000f73fff20,0x00000000f7400000)
  from space 12800K, 0% used [0x00000000f7400000,0x00000000f7400000,0x00000000f8080000)
  to   space 10752K, 0% used [0x00000000f8400000,0x00000000f8400000,0x00000000f8e80000)
 ParOldGen       total 349696K, used 349694K [0x00000000e0000000, 0x00000000f5580000, 0x00000000f5580000)
  object space 349696K, 99% used [0x00000000e0000000,0x00000000f557fa90,0x00000000f5580000)
 Metaspace       used 62657K, committed 63808K, reserved 1114112K
  class space    used 6025K, committed 6464K, reserved 1048576K
}
Event: 1377.815 GC heap before
{Heap before GC invocations=1146 (full 1007):
 PSYoungGen      total 44032K, used 31231K [0x00000000f5580000, 0x00000000f8e80000, 0x0000000100000000)
  eden space 31232K, 99% used [0x00000000f5580000,0x00000000f73ffff8,0x00000000f7400000)
  from space 12800K, 0% used [0x00000000f7400000,0x00000000f7400000,0x00000000f8080000)
  to   space 10752K, 0% used [0x00000000f8400000,0x00000000f8400000,0x00000000f8e80000)
 ParOldGen       total 349696K, used 349694K [0x00000000e0000000, 0x00000000f5580000, 0x00000000f5580000)
  object space 349696K, 99% used [0x00000000e0000000,0x00000000f557fa90,0x00000000f5580000)
 Metaspace       used 62657K, committed 63808K, reserved 1114112K
  class space    used 6025K, committed 6464K, reserved 1048576K
}
Event: 1378.934 GC heap after
{Heap after GC invocations=1146 (full 1007):
 PSYoungGen      total 41984K, used 31231K [0x00000000f5580000, 0x00000000f8e80000, 0x0000000100000000)
  eden space 31232K, 99% used [0x00000000f5580000,0x00000000f73ffff8,0x00000000f7400000)
  from space 10752K, 0% used [0x00000000f8400000,0x00000000f8400000,0x00000000f8e80000)
  to   space 12800K, 0% used [0x00000000f7400000,0x00000000f7400000,0x00000000f8080000)
 ParOldGen       total 349696K, used 349694K [0x00000000e0000000, 0x00000000f5580000, 0x00000000f5580000)
  object space 349696K, 99% used [0x00000000e0000000,0x00000000f557fa90,0x00000000f5580000)
 Metaspace       used 62657K, committed 63808K, reserved 1114112K
  class space    used 6025K, committed 6464K, reserved 1048576K
}
Event: 1378.934 GC heap before
{Heap before GC invocations=1147 (full 1008):
 PSYoungGen      total 41984K, used 31231K [0x00000000f5580000, 0x00000000f8e80000, 0x0000000100000000)
  eden space 31232K, 99% used [0x00000000f5580000,0x00000000f73ffff8,0x00000000f7400000)
  from space 10752K, 0% used [0x00000000f8400000,0x00000000f8400000,0x00000000f8e80000)
  to   space 12800K, 0% used [0x00000000f7400000,0x00000000f7400000,0x00000000f8080000)
 ParOldGen       total 349696K, used 349695K [0x00000000e0000000, 0x00000000f5580000, 0x00000000f5580000)
  object space 349696K, 99% used [0x00000000e0000000,0x00000000f557fff8,0x00000000f5580000)
 Metaspace       used 62657K, committed 63808K, reserved 1114112K
  class space    used 6025K, committed 6464K, reserved 1048576K
}
Event: 1380.148 GC heap after
{Heap after GC invocations=1147 (full 1008):
 PSYoungGen      total 44032K, used 31231K [0x00000000f5580000, 0x00000000f8e80000, 0x0000000100000000)
  eden space 31232K, 99% used [0x00000000f5580000,0x00000000f73fff10,0x00000000f7400000)
  from space 12800K, 0% used [0x00000000f7400000,0x00000000f7400000,0x00000000f8080000)
  to   space 10752K, 0% used [0x00000000f8400000,0x00000000f8400000,0x00000000f8e80000)
 ParOldGen       total 349696K, used 349694K [0x00000000e0000000, 0x00000000f5580000, 0x00000000f5580000)
  object space 349696K, 99% used [0x00000000e0000000,0x00000000f557fb50,0x00000000f5580000)
 Metaspace       used 62657K, committed 63808K, reserved 1114112K
  class space    used 6025K, committed 6464K, reserved 1048576K
}
Event: 1380.148 GC heap before
{Heap before GC invocations=1148 (full 1009):
 PSYoungGen      total 44032K, used 31231K [0x00000000f5580000, 0x00000000f8e80000, 0x0000000100000000)
  eden space 31232K, 99% used [0x00000000f5580000,0x00000000f73fff98,0x00000000f7400000)
  from space 12800K, 0% used [0x00000000f7400000,0x00000000f7400000,0x00000000f8080000)
  to   space 10752K, 0% used [0x00000000f8400000,0x00000000f8400000,0x00000000f8e80000)
 ParOldGen       total 349696K, used 349694K [0x00000000e0000000, 0x00000000f5580000, 0x00000000f5580000)
  object space 349696K, 99% used [0x00000000e0000000,0x00000000f557fb50,0x00000000f5580000)
 Metaspace       used 62657K, committed 63808K, reserved 1114112K
  class space    used 6025K, committed 6464K, reserved 1048576K
}
Event: 1381.460 GC heap after
{Heap after GC invocations=1148 (full 1009):
 PSYoungGen      total 41984K, used 31231K [0x00000000f5580000, 0x00000000f8e80000, 0x0000000100000000)
  eden space 31232K, 99% used [0x00000000f5580000,0x00000000f73fff60,0x00000000f7400000)
  from space 10752K, 0% used [0x00000000f8400000,0x00000000f8400000,0x00000000f8e80000)
  to   space 12800K, 0% used [0x00000000f7400000,0x00000000f7400000,0x00000000f8080000)
 ParOldGen       total 349696K, used 349694K [0x00000000e0000000, 0x00000000f5580000, 0x00000000f5580000)
  object space 349696K, 99% used [0x00000000e0000000,0x00000000f557fac0,0x00000000f5580000)
 Metaspace       used 62657K, committed 63808K, reserved 1114112K
  class space    used 6025K, committed 6464K, reserved 1048576K
}
Event: 1381.461 GC heap before
{Heap before GC invocations=1149 (full 1010):
 PSYoungGen      total 41984K, used 31232K [0x00000000f5580000, 0x00000000f8e80000, 0x0000000100000000)
  eden space 31232K, 100% used [0x00000000f5580000,0x00000000f7400000,0x00000000f7400000)
  from space 10752K, 0% used [0x00000000f8400000,0x00000000f8400000,0x00000000f8e80000)
  to   space 12800K, 0% used [0x00000000f7400000,0x00000000f7400000,0x00000000f8080000)
 ParOldGen       total 349696K, used 349694K [0x00000000e0000000, 0x00000000f5580000, 0x00000000f5580000)
  object space 349696K, 99% used [0x00000000e0000000,0x00000000f557fac0,0x00000000f5580000)
 Metaspace       used 62657K, committed 63808K, reserved 1114112K
  class space    used 6025K, committed 6464K, reserved 1048576K
}
Event: 1382.743 GC heap after
{Heap after GC invocations=1149 (full 1010):
 PSYoungGen      total 44032K, used 31231K [0x00000000f5580000, 0x00000000f8e80000, 0x0000000100000000)
  eden space 31232K, 99% used [0x00000000f5580000,0x00000000f73fff58,0x00000000f7400000)
  from space 12800K, 0% used [0x00000000f7400000,0x00000000f7400000,0x00000000f8080000)
  to   space 10752K, 0% used [0x00000000f8400000,0x00000000f8400000,0x00000000f8e80000)
 ParOldGen       total 349696K, used 349694K [0x00000000e0000000, 0x00000000f5580000, 0x00000000f5580000)
  object space 349696K, 99% used [0x00000000e0000000,0x00000000f557fa20,0x00000000f5580000)
 Metaspace       used 62657K, committed 63808K, reserved 1114112K
  class space    used 6025K, committed 6464K, reserved 1048576K
}
Event: 1382.744 GC heap before
{Heap before GC invocations=1150 (full 1011):
 PSYoungGen      total 44032K, used 31231K [0x00000000f5580000, 0x00000000f8e80000, 0x0000000100000000)
  eden space 31232K, 99% used [0x00000000f5580000,0x00000000f73fffe0,0x00000000f7400000)
  from space 12800K, 0% used [0x00000000f7400000,0x00000000f7400000,0x00000000f8080000)
  to   space 10752K, 0% used [0x00000000f8400000,0x00000000f8400000,0x00000000f8e80000)
 ParOldGen       total 349696K, used 349694K [0x00000000e0000000, 0x00000000f5580000, 0x00000000f5580000)
  object space 349696K, 99% used [0x00000000e0000000,0x00000000f557fa20,0x00000000f5580000)
 Metaspace       used 62657K, committed 63808K, reserved 1114112K
  class space    used 6025K, committed 6464K, reserved 1048576K
}
Event: 1384.103 GC heap after
{Heap after GC invocations=1150 (full 1011):
 PSYoungGen      total 41984K, used 31231K [0x00000000f5580000, 0x00000000f8e80000, 0x0000000100000000)
  eden space 31232K, 99% used [0x00000000f5580000,0x00000000f73fffe0,0x00000000f7400000)
  from space 10752K, 0% used [0x00000000f8400000,0x00000000f8400000,0x00000000f8e80000)
  to   space 12800K, 0% used [0x00000000f7400000,0x00000000f7400000,0x00000000f8080000)
 ParOldGen       total 349696K, used 349694K [0x00000000e0000000, 0x00000000f5580000, 0x00000000f5580000)
  object space 349696K, 99% used [0x00000000e0000000,0x00000000f557fa20,0x00000000f5580000)
 Metaspace       used 62657K, committed 63808K, reserved 1114112K
  class space    used 6025K, committed 6464K, reserved 1048576K
}
Event: 1384.104 GC heap before
{Heap before GC invocations=1151 (full 1012):
 PSYoungGen      total 41984K, used 31231K [0x00000000f5580000, 0x00000000f8e80000, 0x0000000100000000)
  eden space 31232K, 99% used [0x00000000f5580000,0x00000000f73ffff8,0x00000000f7400000)
  from space 10752K, 0% used [0x00000000f8400000,0x00000000f8400000,0x00000000f8e80000)
  to   space 12800K, 0% used [0x00000000f7400000,0x00000000f7400000,0x00000000f8080000)
 ParOldGen       total 349696K, used 349695K [0x00000000e0000000, 0x00000000f5580000, 0x00000000f5580000)
  object space 349696K, 99% used [0x00000000e0000000,0x00000000f557fc98,0x00000000f5580000)
 Metaspace       used 62657K, committed 63808K, reserved 1114112K
  class space    used 6025K, committed 6464K, reserved 1048576K
}
Event: 1385.332 GC heap after
{Heap after GC invocations=1151 (full 1012):
 PSYoungGen      total 44032K, used 31231K [0x00000000f5580000, 0x00000000f8e80000, 0x0000000100000000)
  eden space 31232K, 99% used [0x00000000f5580000,0x00000000f73ffff8,0x00000000f7400000)
  from space 12800K, 0% used [0x00000000f7400000,0x00000000f7400000,0x00000000f8080000)
  to   space 10752K, 0% used [0x00000000f8400000,0x00000000f8400000,0x00000000f8e80000)
 ParOldGen       total 349696K, used 349694K [0x00000000e0000000, 0x00000000f5580000, 0x00000000f5580000)
  object space 349696K, 99% used [0x00000000e0000000,0x00000000f557fac8,0x00000000f5580000)
 Metaspace       used 62657K, committed 63808K, reserved 1114112K
  class space    used 6025K, committed 6464K, reserved 1048576K
}
Event: 1385.332 GC heap before
{Heap before GC invocations=1152 (full 1013):
 PSYoungGen      total 44032K, used 31231K [0x00000000f5580000, 0x00000000f8e80000, 0x0000000100000000)
  eden space 31232K, 99% used [0x00000000f5580000,0x00000000f73ffff8,0x00000000f7400000)
  from space 12800K, 0% used [0x00000000f7400000,0x00000000f7400000,0x00000000f8080000)
  to   space 10752K, 0% used [0x00000000f8400000,0x00000000f8400000,0x00000000f8e80000)
 ParOldGen       total 349696K, used 349694K [0x00000000e0000000, 0x00000000f5580000, 0x00000000f5580000)
  object space 349696K, 99% used [0x00000000e0000000,0x00000000f557fac8,0x00000000f5580000)
 Metaspace       used 62657K, committed 63808K, reserved 1114112K
  class space    used 6025K, committed 6464K, reserved 1048576K
}
Event: 1386.513 GC heap after
{Heap after GC invocations=1152 (full 1013):
 PSYoungGen      total 41984K, used 31231K [0x00000000f5580000, 0x00000000f8e80000, 0x0000000100000000)
  eden space 31232K, 99% used [0x00000000f5580000,0x00000000f73ffff8,0x00000000f7400000)
  from space 10752K, 0% used [0x00000000f8400000,0x00000000f8400000,0x00000000f8e80000)
  to   space 12800K, 0% used [0x00000000f7400000,0x00000000f7400000,0x00000000f8080000)
 ParOldGen       total 349696K, used 349694K [0x00000000e0000000, 0x00000000f5580000, 0x00000000f5580000)
  object space 349696K, 99% used [0x00000000e0000000,0x00000000f557fac8,0x00000000f5580000)
 Metaspace       used 62657K, committed 63808K, reserved 1114112K
  class space    used 6025K, committed 6464K, reserved 1048576K
}

