# JRE version: OpenJDK Runtime Environment GraalVM CE 22.3.0 (17.0.5+8) (build 17.0.5+8-jvmci-22.3-b08)
# Java VM: OpenJDK 64-Bit Server VM GraalVM CE 22.3.0 (17.0.5+8-jvmci-22.3-b08, mixed mode, sharing, tiered, jvmci, jvmci compiler, compressed oops, compressed class ptrs, parallel gc, linux-amd64)
GC Precious Log:
 CPUs: 8 total, 1 available
 Memory: 1024M
 Large Page Support: Disabled
 NUMA Support: Disabled
 Compressed Oops: Enabled (32-bit)
 Alignments: Space 512K, Generation 512K, Heap 2M
 Heap Min Capacity: 100M
 Heap Initial Capacity: 100M
 Heap Max Capacity: 512M
 Pre-touch: Disabled
 Parallel Workers: 1
Heap:
 PSYoungGen      total 74752K, used 48140K [0x00000000f5580000, 0x00000000ff280000, 0x0000000100000000)
  eden space 42496K, 99% used [0x00000000f5580000,0x00000000f7effff8,0x00000000f7f00000)
  from space 32256K, 17% used [0x00000000f7f00000,0x00000000f8483148,0x00000000f9e80000)
  to   space 54784K, 0% used [0x00000000fbd00000,0x00000000fbd00000,0x00000000ff280000)
 ParOldGen       total 349696K, used 349695K [0x00000000e0000000, 0x00000000f5580000, 0x00000000f5580000)
  object space 349696K, 99% used [0x00000000e0000000,0x00000000f557fc20,0x00000000f5580000)
 Metaspace       used 55410K, committed 56448K, reserved 1105920K
  class space    used 5244K, committed 5696K, reserved 1048576K
GC Heap History (20 events):
Event: 831.979 GC heap before
{Heap before GC invocations=633 (full 542):
 PSYoungGen      total 74752K, used 48140K [0x00000000f5580000, 0x00000000ff280000, 0x0000000100000000)
  eden space 42496K, 99% used [0x00000000f5580000,0x00000000f7effff8,0x00000000f7f00000)
  from space 32256K, 17% used [0x00000000f7f00000,0x00000000f84831b0,0x00000000f9e80000)
  to   space 54784K, 0% used [0x00000000fbd00000,0x00000000fbd00000,0x00000000ff280000)
 ParOldGen       total 349696K, used 349691K [0x00000000e0000000, 0x00000000f5580000, 0x00000000f5580000)
  object space 349696K, 99% used [0x00000000e0000000,0x00000000f557ec60,0x00000000f5580000)
 Metaspace       used 55410K, committed 56448K, reserved 1105920K
  class space    used 5244K, committed 5696K, reserved 1048576K
}
Event: 833.190 GC heap after
{Heap after GC invocations=633 (full 542):
 PSYoungGen      total 74752K, used 48140K [0x00000000f5580000, 0x00000000ff280000, 0x0000000100000000)
  eden space 42496K, 99% used [0x00000000f5580000,0x00000000f7effff8,0x00000000f7f00000)
  from space 32256K, 17% used [0x00000000f7f00000,0x00000000f84831b0,0x00000000f9e80000)
  to   space 54784K, 0% used [0x00000000fbd00000,0x00000000fbd00000,0x00000000ff280000)
 ParOldGen       total 349696K, used 349689K [0x00000000e0000000, 0x00000000f5580000, 0x00000000f5580000)
  object space 349696K, 99% used [0x00000000e0000000,0x00000000f557e7a0,0x00000000f5580000)
 Metaspace       used 55410K, committed 56448K, reserved 1105920K
  class space    used 5244K, committed 5696K, reserved 1048576K
}
Event: 833.191 GC heap before
{Heap before GC invocations=634 (full 543):
 PSYoungGen      total 74752K, used 48140K [0x00000000f5580000, 0x00000000ff280000, 0x0000000100000000)
  eden space 42496K, 99% used [0x00000000f5580000,0x00000000f7effff8,0x00000000f7f00000)
  from space 32256K, 17% used [0x00000000f7f00000,0x00000000f84831b0,0x00000000f9e80000)
  to   space 54784K, 0% used [0x00000000fbd00000,0x00000000fbd00000,0x00000000ff280000)
 ParOldGen       total 349696K, used 349693K [0x00000000e0000000, 0x00000000f5580000, 0x00000000f5580000)
  object space 349696K, 99% used [0x00000000e0000000,0x00000000f557f5e0,0x00000000f5580000)
 Metaspace       used 55410K, committed 56448K, reserved 1105920K
  class space    used 5244K, committed 5696K, reserved 1048576K
}
Event: 834.514 GC heap after
{Heap after GC invocations=634 (full 543):
 PSYoungGen      total 74752K, used 48140K [0x00000000f5580000, 0x00000000ff280000, 0x0000000100000000)
  eden space 42496K, 99% used [0x00000000f5580000,0x00000000f7effff8,0x00000000f7f00000)
  from space 32256K, 17% used [0x00000000f7f00000,0x00000000f84831b0,0x00000000f9e80000)
  to   space 54784K, 0% used [0x00000000fbd00000,0x00000000fbd00000,0x00000000ff280000)
 ParOldGen       total 349696K, used 349688K [0x00000000e0000000, 0x00000000f5580000, 0x00000000f5580000)
  object space 349696K, 99% used [0x00000000e0000000,0x00000000f557e168,0x00000000f5580000)
 Metaspace       used 55410K, committed 56448K, reserved 1105920K
  class space    used 5244K, committed 5696K, reserved 1048576K
}
Event: 834.515 GC heap before
{Heap before GC invocations=635 (full 544):
 PSYoungGen      total 74752K, used 48140K [0x00000000f5580000, 0x00000000ff280000, 0x0000000100000000)
  eden space 42496K, 99% used [0x00000000f5580000,0x00000000f7effff8,0x00000000f7f00000)
  from space 32256K, 17% used [0x00000000f7f00000,0x00000000f84831b0,0x00000000f9e80000)
  to   space 54784K, 0% used [0x00000000fbd00000,0x00000000fbd00000,0x00000000ff280000)
 ParOldGen       total 349696K, used 349693K [0x00000000e0000000, 0x00000000f5580000, 0x00000000f5580000)
  object space 349696K, 99% used [0x00000000e0000000,0x00000000f557f758,0x00000000f5580000)
 Metaspace       used 55410K, committed 56448K, reserved 1105920K
  class space    used 5244K, committed 5696K, reserved 1048576K
}
Event: 835.713 GC heap after
{Heap after GC invocations=635 (full 544):
 PSYoungGen      total 74752K, used 48140K [0x00000000f5580000, 0x00000000ff280000, 0x0000000100000000)
  eden space 42496K, 99% used [0x00000000f5580000,0x00000000f7effff8,0x00000000f7f00000)
  from space 32256K, 17% used [0x00000000f7f00000,0x00000000f84831b0,0x00000000f9e80000)
  to   space 54784K, 0% used [0x00000000fbd00000,0x00000000fbd00000,0x00000000ff280000)
 ParOldGen       total 349696K, used 349689K [0x00000000e0000000, 0x00000000f5580000, 0x00000000f5580000)
  object space 349696K, 99% used [0x00000000e0000000,0x00000000f557e5d0,0x00000000f5580000)
 Metaspace       used 55410K, committed 56448K, reserved 1105920K
  class space    used 5244K, committed 5696K, reserved 1048576K
}
Event: 835.715 GC heap before
{Heap before GC invocations=636 (full 545):
 PSYoungGen      total 74752K, used 48140K [0x00000000f5580000, 0x00000000ff280000, 0x0000000100000000)
  eden space 42496K, 99% used [0x00000000f5580000,0x00000000f7effff8,0x00000000f7f00000)
  from space 32256K, 17% used [0x00000000f7f00000,0x00000000f84831b0,0x00000000f9e80000)
  to   space 54784K, 0% used [0x00000000fbd00000,0x00000000fbd00000,0x00000000ff280000)
 ParOldGen       total 349696K, used 349692K [0x00000000e0000000, 0x00000000f5580000, 0x00000000f5580000)
  object space 349696K, 99% used [0x00000000e0000000,0x00000000f557f130,0x00000000f5580000)
 Metaspace       used 55410K, committed 56448K, reserved 1105920K
  class space    used 5244K, committed 5696K, reserved 1048576K
}
Event: 837.011 GC heap after
{Heap after GC invocations=636 (full 545):
 PSYoungGen      total 74752K, used 48140K [0x00000000f5580000, 0x00000000ff280000, 0x0000000100000000)
  eden space 42496K, 99% used [0x00000000f5580000,0x00000000f7effff8,0x00000000f7f00000)
  from space 32256K, 17% used [0x00000000f7f00000,0x00000000f84831b0,0x00000000f9e80000)
  to   space 54784K, 0% used [0x00000000fbd00000,0x00000000fbd00000,0x00000000ff280000)
 ParOldGen       total 349696K, used 349691K [0x00000000e0000000, 0x00000000f5580000, 0x00000000f5580000)
  object space 349696K, 99% used [0x00000000e0000000,0x00000000f557ec90,0x00000000f5580000)
 Metaspace       used 55410K, committed 56448K, reserved 1105920K
  class space    used 5244K, committed 5696K, reserved 1048576K
}
Event: 837.011 GC heap before
{Heap before GC invocations=637 (full 546):
 PSYoungGen      total 74752K, used 48140K [0x00000000f5580000, 0x00000000ff280000, 0x0000000100000000)
  eden space 42496K, 99% used [0x00000000f5580000,0x00000000f7effff8,0x00000000f7f00000)
  from space 32256K, 17% used [0x00000000f7f00000,0x00000000f84831b0,0x00000000f9e80000)
  to   space 54784K, 0% used [0x00000000fbd00000,0x00000000fbd00000,0x00000000ff280000)
 ParOldGen       total 349696K, used 349695K [0x00000000e0000000, 0x00000000f5580000, 0x00000000f5580000)
  object space 349696K, 99% used [0x00000000e0000000,0x00000000f557fff0,0x00000000f5580000)
 Metaspace       used 55410K, committed 56448K, reserved 1105920K
  class space    used 5244K, committed 5696K, reserved 1048576K
}
Event: 838.309 GC heap after
{Heap after GC invocations=637 (full 546):
 PSYoungGen      total 74752K, used 48140K [0x00000000f5580000, 0x00000000ff280000, 0x0000000100000000)
  eden space 42496K, 99% used [0x00000000f5580000,0x00000000f7efffd8,0x00000000f7f00000)
  from space 32256K, 17% used [0x00000000f7f00000,0x00000000f8483148,0x00000000f9e80000)
  to   space 54784K, 0% used [0x00000000fbd00000,0x00000000fbd00000,0x00000000ff280000)
 ParOldGen       total 349696K, used 349695K [0x00000000e0000000, 0x00000000f5580000, 0x00000000f5580000)
  object space 349696K, 99% used [0x00000000e0000000,0x00000000f557fcb0,0x00000000f5580000)
 Metaspace       used 55410K, committed 56448K, reserved 1105920K
  class space    used 5244K, committed 5696K, reserved 1048576K
}
Event: 838.310 GC heap before
{Heap before GC invocations=638 (full 547):
 PSYoungGen      total 74752K, used 48140K [0x00000000f5580000, 0x00000000ff280000, 0x0000000100000000)
  eden space 42496K, 99% used [0x00000000f5580000,0x00000000f7effff8,0x00000000f7f00000)
  from space 32256K, 17% used [0x00000000f7f00000,0x00000000f8483148,0x00000000f9e80000)
  to   space 54784K, 0% used [0x00000000fbd00000,0x00000000fbd00000,0x00000000ff280000)
 ParOldGen       total 349696K, used 349695K [0x00000000e0000000, 0x00000000f5580000, 0x00000000f5580000)
  object space 349696K, 99% used [0x00000000e0000000,0x00000000f557ff00,0x00000000f5580000)
 Metaspace       used 55410K, committed 56448K, reserved 1105920K
  class space    used 5244K, committed 5696K, reserved 1048576K
}
Event: 839.631 GC heap after
{Heap after GC invocations=638 (full 547):
 PSYoungGen      total 74752K, used 48140K [0x00000000f5580000, 0x00000000ff280000, 0x0000000100000000)
  eden space 42496K, 99% used [0x00000000f5580000,0x00000000f7effff8,0x00000000f7f00000)
  from space 32256K, 17% used [0x00000000f7f00000,0x00000000f8483148,0x00000000f9e80000)
  to   space 54784K, 0% used [0x00000000fbd00000,0x00000000fbd00000,0x00000000ff280000)
 ParOldGen       total 349696K, used 349695K [0x00000000e0000000, 0x00000000f5580000, 0x00000000f5580000)
  object space 349696K, 99% used [0x00000000e0000000,0x00000000f557fdd8,0x00000000f5580000)
 Metaspace       used 55410K, committed 56448K, reserved 1105920K
  class space    used 5244K, committed 5696K, reserved 1048576K
}
Event: 839.632 GC heap before
{Heap before GC invocations=639 (full 548):
 PSYoungGen      total 74752K, used 48140K [0x00000000f5580000, 0x00000000ff280000, 0x0000000100000000)
  eden space 42496K, 99% used [0x00000000f5580000,0x00000000f7effff8,0x00000000f7f00000)
  from space 32256K, 17% used [0x00000000f7f00000,0x00000000f8483148,0x00000000f9e80000)
  to   space 54784K, 0% used [0x00000000fbd00000,0x00000000fbd00000,0x00000000ff280000)
 ParOldGen       total 349696K, used 349695K [0x00000000e0000000, 0x00000000f5580000, 0x00000000f5580000)
  object space 349696K, 99% used [0x00000000e0000000,0x00000000f557fe28,0x00000000f5580000)
 Metaspace       used 55410K, committed 56448K, reserved 1105920K
  class space    used 5244K, committed 5696K, reserved 1048576K
}
Event: 840.908 GC heap after
{Heap after GC invocations=639 (full 548):
 PSYoungGen      total 74752K, used 48140K [0x00000000f5580000, 0x00000000ff280000, 0x0000000100000000)
  eden space 42496K, 99% used [0x00000000f5580000,0x00000000f7effff8,0x00000000f7f00000)
  from space 32256K, 17% used [0x00000000f7f00000,0x00000000f8483148,0x00000000f9e80000)
  to   space 54784K, 0% used [0x00000000fbd00000,0x00000000fbd00000,0x00000000ff280000)
 ParOldGen       total 349696K, used 349695K [0x00000000e0000000, 0x00000000f5580000, 0x00000000f5580000)
  object space 349696K, 99% used [0x00000000e0000000,0x00000000f557fde8,0x00000000f5580000)
 Metaspace       used 55410K, committed 56448K, reserved 1105920K
  class space    used 5244K, committed 5696K, reserved 1048576K
}
Event: 840.909 GC heap before
{Heap before GC invocations=640 (full 549):
 PSYoungGen      total 74752K, used 48140K [0x00000000f5580000, 0x00000000ff280000, 0x0000000100000000)
  eden space 42496K, 99% used [0x00000000f5580000,0x00000000f7effff8,0x00000000f7f00000)
  from space 32256K, 17% used [0x00000000f7f00000,0x00000000f8483148,0x00000000f9e80000)
  to   space 54784K, 0% used [0x00000000fbd00000,0x00000000fbd00000,0x00000000ff280000)
 ParOldGen       total 349696K, used 349695K [0x00000000e0000000, 0x00000000f5580000, 0x00000000f5580000)
  object space 349696K, 99% used [0x00000000e0000000,0x00000000f557fde8,0x00000000f5580000)
 Metaspace       used 55410K, committed 56448K, reserved 1105920K
  class space    used 5244K, committed 5696K, reserved 1048576K
}
Event: 842.187 GC heap after
{Heap after GC invocations=640 (full 549):
 PSYoungGen      total 74752K, used 48140K [0x00000000f5580000, 0x00000000ff280000, 0x0000000100000000)
  eden space 42496K, 99% used [0x00000000f5580000,0x00000000f7efffd8,0x00000000f7f00000)
  from space 32256K, 17% used [0x00000000f7f00000,0x00000000f8483148,0x00000000f9e80000)
  to   space 54784K, 0% used [0x00000000fbd00000,0x00000000fbd00000,0x00000000ff280000)
 ParOldGen       total 349696K, used 349694K [0x00000000e0000000, 0x00000000f5580000, 0x00000000f5580000)
  object space 349696K, 99% used [0x00000000e0000000,0x00000000f557f870,0x00000000f5580000)
 Metaspace       used 55410K, committed 56448K, reserved 1105920K
  class space    used 5244K, committed 5696K, reserved 1048576K
}
Event: 842.187 GC heap before
{Heap before GC invocations=641 (full 550):
 PSYoungGen      total 74752K, used 48140K [0x00000000f5580000, 0x00000000ff280000, 0x0000000100000000)
  eden space 42496K, 99% used [0x00000000f5580000,0x00000000f7effff8,0x00000000f7f00000)
  from space 32256K, 17% used [0x00000000f7f00000,0x00000000f8483148,0x00000000f9e80000)
  to   space 54784K, 0% used [0x00000000fbd00000,0x00000000fbd00000,0x00000000ff280000)
 ParOldGen       total 349696K, used 349695K [0x00000000e0000000, 0x00000000f5580000, 0x00000000f5580000)
  object space 349696K, 99% used [0x00000000e0000000,0x00000000f557fe40,0x00000000f5580000)
 Metaspace       used 55410K, committed 56448K, reserved 1105920K
  class space    used 5244K, committed 5696K, reserved 1048576K
}
Event: 843.540 GC heap after
{Heap after GC invocations=641 (full 550):
 PSYoungGen      total 74752K, used 48140K [0x00000000f5580000, 0x00000000ff280000, 0x0000000100000000)
  eden space 42496K, 99% used [0x00000000f5580000,0x00000000f7efffd8,0x00000000f7f00000)
  from space 32256K, 17% used [0x00000000f7f00000,0x00000000f8483148,0x00000000f9e80000)
  to   space 54784K, 0% used [0x00000000fbd00000,0x00000000fbd00000,0x00000000ff280000)
 ParOldGen       total 349696K, used 349694K [0x00000000e0000000, 0x00000000f5580000, 0x00000000f5580000)
  object space 349696K, 99% used [0x00000000e0000000,0x00000000f557fa68,0x00000000f5580000)
 Metaspace       used 55410K, committed 56448K, reserved 1105920K
  class space    used 5244K, committed 5696K, reserved 1048576K
}
Event: 843.540 GC heap before
{Heap before GC invocations=642 (full 551):
 PSYoungGen      total 74752K, used 48140K [0x00000000f5580000, 0x00000000ff280000, 0x0000000100000000)
  eden space 42496K, 99% used [0x00000000f5580000,0x00000000f7efffd8,0x00000000f7f00000)
  from space 32256K, 17% used [0x00000000f7f00000,0x00000000f8483148,0x00000000f9e80000)
  to   space 54784K, 0% used [0x00000000fbd00000,0x00000000fbd00000,0x00000000ff280000)
 ParOldGen       total 349696K, used 349694K [0x00000000e0000000, 0x00000000f5580000, 0x00000000f5580000)
  object space 349696K, 99% used [0x00000000e0000000,0x00000000f557fa68,0x00000000f5580000)
 Metaspace       used 55410K, committed 56448K, reserved 1105920K
  class space    used 5244K, committed 5696K, reserved 1048576K
}
Event: 844.810 GC heap after
{Heap after GC invocations=642 (full 551):
 PSYoungGen      total 74752K, used 48140K [0x00000000f5580000, 0x00000000ff280000, 0x0000000100000000)
  eden space 42496K, 99% used [0x00000000f5580000,0x00000000f7efffd8,0x00000000f7f00000)
  from space 32256K, 17% used [0x00000000f7f00000,0x00000000f8483148,0x00000000f9e80000)
  to   space 54784K, 0% used [0x00000000fbd00000,0x00000000fbd00000,0x00000000ff280000)
 ParOldGen       total 349696K, used 349694K [0x00000000e0000000, 0x00000000f5580000, 0x00000000f5580000)
  object space 349696K, 99% used [0x00000000e0000000,0x00000000f557fa68,0x00000000f5580000)
 Metaspace       used 55410K, committed 56448K, reserved 1105920K
  class space    used 5244K, committed 5696K, reserved 1048576K
}

